[38;5;0m[HTTP][0m [37m-->[39m [37mPOST[39m [37m/session[39m
[38;5;0m[HTTP][0m [90m{"capabilities":{"alwaysMatch":{"platformName":"iOS","appium:deviceName":"iPhone 14clear pro Max","appium:platformVersion":"17.2","appium:automationName":"XCUITest","appium:app":"/Users/atinapanyan/Library/Developer/Xcode/DerivedData/UIKitCatalog-dlerjkzlitnkjgflajoxjeiimycg/Build/Products/Debug-iphonesimulator/UIKitCatalog.app","appium:udid":"83E2B6EB-8384-4EBC-B6ED-B89BA29B9153","appium: bundleId":"com.example.apple-samplecode.UICatalog","appium: noReset":true},"firstMatch":[{}]},"desiredCapabilities":{"platformName":"iOS","appium:deviceName":"iPhone 14clear pro Max","appium:platformVersion":"17.2","appium:automationName":"XCUITest","appium:app":"/Users/atinapanyan/Library/Developer/Xcode/DerivedData/UIKitCatalog-dlerjkzlitnkjgflajoxjeiimycg/Build/Products/Debug-iphonesimulator/UIKitCatalog.app","appium:udid":"83E2B6EB-8384-4EBC-B6ED-B89BA29B9153","appium: bundleId":"com.example.apple-samplecode.UICatalog","appium: noReset":true}}[39m
[38;5;16m[AppiumDriver@42a0][0m Calling AppiumDriver.createSession() with args: [{"platformName":"iOS","appium:deviceName":"iPhone 14clear pro Max","appium:platformVersion":"17.2","appium:automationName":"XCUITest","appium:app":"/Users/atinapanyan/Library/Developer/Xcode/DerivedData/UIKitCatalog-dlerjkzlitnkjgflajoxjeiimycg/Build/Products/Debug-iphonesimulator/UIKitCatalog.app","appium:udid":"83E2B6EB-8384-4EBC-B6ED-B89BA29B9153","appium: bundleId":"com.example.apple-samplecode.UICatalog","appium: noReset":true},null,{"alwaysMatch":{"platformName":"iOS","appium:deviceName":"iPhone 14clear pro Max","appium:platformVersion":"17.2","appium:automationName":"XCUITest","appium:app":"/Users/atinapanyan/Library/Developer/Xcode/DerivedData/UIKitCatalog-dlerjkzlitnkjgflajoxjeiimycg/Build/Products/Debug-iphonesimulator/UIKitCatalog.app","appium:udid":"83E2B6EB-8384-4EBC-B6ED-B89BA29B9153","appium: bundleId":"com.example.apple-samplecode.UICatalog","appium: noReset":true},"firstMatch":[{}]}]
[38;5;16m[AppiumDriver@42a0][0m Event 'newSessionRequested' logged at 1705258968255 (23:02:48 GMT+0400 (GMT+04:00))
[35m[Appium][39m Attempting to find matching driver for automationName 'XCUITest' and platformName 'iOS'
[35m[Appium][39m The 'xcuitest' driver was installed and matched caps.
[35m[Appium][39m Will require it at /Users/atinapanyan/Desktop/my-appium-project/node_modules/appium-xcuitest-driver
[35m[Appium][39m Requiring driver at /Users/atinapanyan/Desktop/my-appium-project/node_modules/appium-xcuitest-driver/build/index.js
[38;5;16m[AppiumDriver@42a0][0m Appium v2.4.1 creating new XCUITestDriver (v5.14.0) session
[38;5;16m[AppiumDriver@42a0][0m Checking BaseDriver versions for Appium and XCUITestDriver
[38;5;16m[AppiumDriver@42a0][0m Appium's BaseDriver version is 9.5.0
[38;5;16m[AppiumDriver@42a0][0m XCUITestDriver's BaseDriver version is 9.5.0
[38;5;32m[XCUITestDriver@1fb2][0m Creating session with W3C capabilities: {
[38;5;32m[XCUITestDriver@1fb2][0m   "alwaysMatch": {
[38;5;32m[XCUITestDriver@1fb2][0m     "platformName": "iOS",
[38;5;32m[XCUITestDriver@1fb2][0m     "appium:deviceName": "iPhone 14clear pro Max",
[38;5;32m[XCUITestDriver@1fb2][0m     "appium:platformVersion": "17.2",
[38;5;32m[XCUITestDriver@1fb2][0m     "appium:automationName": "XCUITest",
[38;5;32m[XCUITestDriver@1fb2][0m     "appium:app": "/Users/atinapanyan/Library/Developer/Xcode/DerivedData/UIKitCatalog-dlerjkzlitnkjgflajoxjeiimycg/Build/Products/Debug-iphonesimulator/UIKitCatalog.app",
[38;5;32m[XCUITestDriver@1fb2][0m     "appium:udid": "83E2B6EB-8384-4EBC-B6ED-B89BA29B9153",
[38;5;32m[XCUITestDriver@1fb2][0m     "appium: bundleId": "com.example.apple-samplecode.UICatalog",
[38;5;32m[XCUITestDriver@1fb2][0m     "appium: noReset": true
[38;5;32m[XCUITestDriver@1fb2][0m   },
[38;5;32m[XCUITestDriver@1fb2][0m   "firstMatch": [
[38;5;32m[XCUITestDriver@1fb2][0m     {}
[38;5;32m[XCUITestDriver@1fb2][0m   ]
[38;5;32m[XCUITestDriver@1fb2][0m }
[38;5;32m[XCUITestDriver@1fb2][0m The following provided capabilities were not recognized by this driver:
[38;5;32m[XCUITestDriver@1fb2][0m    bundleId
[38;5;32m[XCUITestDriver@1fb2][0m    noReset
[38;5;32m[XCUITestDriver@1fb2 (c341501b)][0m Session created with session id: c341501b-ac69-4eb5-b5bf-2f2d245aae19
[38;5;48m[XCUITest][0m Current user: 'atinapanyan'
[38;5;32m[XCUITestDriver@1fb2 (c341501b)][0m Available devices: 
[38;5;32m[XCUITestDriver@1fb2 (c341501b)][0m No real device with udid '83E2B6EB-8384-4EBC-B6ED-B89BA29B9153'. Looking for a simulator
[38;5;64m[iOSSim][0m Constructing iOS simulator for Xcode version 15.2 with udid '83E2B6EB-8384-4EBC-B6ED-B89BA29B9153'
[38;5;32m[XCUITestDriver@1fb2 (c341501b)][0m Determining device to run tests on: udid: '83E2B6EB-8384-4EBC-B6ED-B89BA29B9153', real device: false
[38;5;32m[XCUITestDriver@1fb2 (c341501b)][0m Event 'xcodeDetailsRetrieved' logged at 1705258968659 (23:02:48 GMT+0400 (GMT+04:00))
[38;5;80m[BaseDriver][0m Using local app '/Users/atinapanyan/Library/Developer/Xcode/DerivedData/UIKitCatalog-dlerjkzlitnkjgflajoxjeiimycg/Build/Products/Debug-iphonesimulator/UIKitCatalog.app'
[38;5;32m[XCUITestDriver@1fb2 (c341501b)][0m Event 'appConfigured' logged at 1705258968660 (23:02:48 GMT+0400 (GMT+04:00))
[38;5;48m[XCUITest][0m Checking whether app '/Users/atinapanyan/Library/Developer/Xcode/DerivedData/UIKitCatalog-dlerjkzlitnkjgflajoxjeiimycg/Build/Products/Debug-iphonesimulator/UIKitCatalog.app' is actually present on file system
[38;5;48m[XCUITest][0m App is present
[38;5;48m[XCUITest][0m Getting bundle ID from app '/Users/atinapanyan/Library/Developer/Xcode/DerivedData/UIKitCatalog-dlerjkzlitnkjgflajoxjeiimycg/Build/Products/Debug-iphonesimulator/UIKitCatalog.app': 'com.example.apple-samplecode.UICatalog'
[38;5;32m[XCUITestDriver@1fb2 (c341501b)][0m Event 'resetStarted' logged at 1705258968661 (23:02:48 GMT+0400 (GMT+04:00))
[38;5;96m[simctl][0m Error running 'terminate': An error was encountered processing the command (domain=NSPOSIXErrorDomain, code=3):
Simulator device returned an error for the requested operation.
found nothing to terminate
Underlying error (domain=NSPOSIXErrorDomain, code=3):
	The request to terminate "com.example.apple-samplecode.UICatalog" failed. found nothing to terminate
	found nothing to terminate
[38;5;48m[XCUITest][0m Reset: failed to terminate Simulator application with id "com.example.apple-samplecode.UICatalog"
[38;5;48m[XCUITest][0m Not scrubbing third party app in anticipation of uninstall
[38;5;32m[XCUITestDriver@1fb2 (c341501b)][0m Event 'resetComplete' logged at 1705258968825 (23:02:48 GMT+0400 (GMT+04:00))
[38;5;32m[XCUITestDriver@1fb2 (c341501b)][0m Using WDA path: '/Users/atinapanyan/Desktop/my-appium-project/node_modules/appium-xcuitest-driver/node_modules/appium-webdriveragent'
[38;5;32m[XCUITestDriver@1fb2 (c341501b)][0m Using WDA agent: '/Users/atinapanyan/Desktop/my-appium-project/node_modules/appium-xcuitest-driver/node_modules/appium-webdriveragent/WebDriverAgent.xcodeproj'
[38;5;112m[IOSSimulatorLog][0m Starting log capture for iOS Simulator with udid '83E2B6EB-8384-4EBC-B6ED-B89BA29B9153' using simctl
[38;5;32m[XCUITestDriver@1fb2 (c341501b)][0m Event 'logCaptureStarted' logged at 1705258969082 (23:02:49 GMT+0400 (GMT+04:00))
[38;5;32m[XCUITestDriver@1fb2 (c341501b)][0m Setting up simulator
[38;5;64m[iOSSim][0m Setting preferences of 83E2B6EB-8384-4EBC-B6ED-B89BA29B9153 Simulator to {"ConnectHardwareKeyboard":false}
[38;5;64m[iOSSim][0m Setting common Simulator preferences to {"RotateWindowWhenSignaledByGuest":true,"StartLastDeviceOnLaunch":false,"DetachOnWindowClose":false,"AttachBootedOnStart":true,"ConnectHardwareKeyboard":false,"PasteboardAutomaticSync":false}
[38;5;64m[iOSSim][0m Updated 83E2B6EB-8384-4EBC-B6ED-B89BA29B9153 Simulator preferences at '/Users/atinapanyan/Library/Preferences/com.apple.iphonesimulator.plist' with {"RotateWindowWhenSignaledByGuest":true,"StartLastDeviceOnLaunch":false,"DetachOnWindowClose":false,"AttachBootedOnStart":true,"ConnectHardwareKeyboard":false,"PasteboardAutomaticSync":false,"DevicePreferences":{"83E2B6EB-8384-4EBC-B6ED-B89BA29B9153":{"ConnectHardwareKeyboard":false,"SimulatorExternalDisplay":2114,"ChromeTint":"","SimulatorWindowOrientation":"Portrait","SimulatorWindowRotationAngle":0,"SimulatorWindowGeometry":{"AEB999F5-69DC-427E-B266-4174C0142420":{"WindowCenter":"{247.5, 587.5}","WindowScale":0.9268041237113402}}}}}
[38;5;64m[iOSSim][0m Got Simulator UI client PID: 3570
[38;5;64m[iOSSim][0m Both Simulator with UDID '83E2B6EB-8384-4EBC-B6ED-B89BA29B9153' and the UI client are currently running
[38;5;32m[XCUITestDriver@1fb2 (c341501b)][0m Event 'simStarted' logged at 1705258969215 (23:02:49 GMT+0400 (GMT+04:00))
[38;5;48m[XCUITest][0m Verifying application platform
[38;5;48m[XCUITest][0m CFBundleSupportedPlatforms: ["iPhoneSimulator"]
[38;5;32m[XCUITestDriver@1fb2 (c341501b)][0m App 'com.example.apple-samplecode.UICatalog' is already installed
[38;5;48m[XCUITest][0m Reset requested. Removing app with id 'com.example.apple-samplecode.UICatalog' from the device
[38;5;48m[XCUITest][0m Installing '/Users/atinapanyan/Library/Developer/Xcode/DerivedData/UIKitCatalog-dlerjkzlitnkjgflajoxjeiimycg/Build/Products/Debug-iphonesimulator/UIKitCatalog.app' on Simulator with UUID '83E2B6EB-8384-4EBC-B6ED-B89BA29B9153'...
[38;5;48m[XCUITest][0m The app has been installed successfully.
[38;5;32m[XCUITestDriver@1fb2 (c341501b)][0m Event 'appInstalled' logged at 1705258970570 (23:02:50 GMT+0400 (GMT+04:00))
[38;5;32m[XCUITestDriver@1fb2 (c341501b)][0m No obsolete cached processes from previous WDA sessions listening on port 8100 have been found
[38;5;128m[DevCon Factory][0m Requesting connection for device 83E2B6EB-8384-4EBC-B6ED-B89BA29B9153 on local port 8100
[38;5;128m[DevCon Factory][0m Cached connections count: 0
[38;5;128m[DevCon Factory][0m Successfully requested the connection for 83E2B6EB-8384-4EBC-B6ED-B89BA29B9153:8100
[38;5;32m[XCUITestDriver@1fb2 (c341501b)][0m Starting WebDriverAgent initialization with the synchronization key 'XCUITestDriver'
[38;5;144m[WD Proxy][0m Matched '/status' to command name 'getStatus'
[38;5;144m[WD Proxy][0m Proxying [GET /status] to [GET http://127.0.0.1:8100/status] with no body
[38;5;144m[WD Proxy][0m Got response with status 200: {"value":{"build":{"upgradedAt":"1705005686500","time":"Jan 14 2024 16:48:32","productBundleIdentifier":"com.facebook.WebDriverAgentRunner"},"os":{"testmanagerdVersion":65535,"name":"iOS","sdkVersion":"17.0","version":"17.2"},"device":"iphone","ios":{"simulatorVersion":"17.2","ip":"192.168.101.10"},"message":"WebDriverAgent is ready to accept commands","state":"success","ready":true},"sessionId":null}
[38;5;32m[XCUITestDriver@1fb2 (c341501b)][0m Upgrade timestamp of the currently bundled WDA: 1705005686500
[38;5;32m[XCUITestDriver@1fb2 (c341501b)][0m Upgrade timestamp of the WDA on the device: 1705005686500
[38;5;32m[XCUITestDriver@1fb2 (c341501b)][0m Will reuse previously cached WDA instance at 'http://127.0.0.1:8100/' with 'com.facebook.WebDriverAgentRunner'. Set the wdaLocalPort capability to a value different from 8100 if this is an undesired behavior.
[38;5;32m[XCUITestDriver@1fb2 (c341501b)][0m Trying to start WebDriverAgent 2 times with 10000ms interval
[38;5;32m[XCUITestDriver@1fb2 (c341501b)][0m These values can be customized by changing wdaStartupRetries/wdaStartupRetryInterval capabilities
[38;5;32m[XCUITestDriver@1fb2 (c341501b)][0m Event 'wdaStartAttempted' logged at 1705258970673 (23:02:50 GMT+0400 (GMT+04:00))
[38;5;32m[XCUITestDriver@1fb2 (c341501b)][0m Using provided WebdriverAgent at 'http://127.0.0.1:8100/'
[38;5;144m[WD Proxy][0m Matched '/status' to command name 'getStatus'
[38;5;144m[WD Proxy][0m Proxying [GET /status] to [GET http://127.0.0.1:8100/status] with no body
[38;5;144m[WD Proxy][0m Got response with status 200: {"value":{"build":{"upgradedAt":"1705005686500","time":"Jan 14 2024 16:48:32","productBundleIdentifier":"com.facebook.WebDriverAgentRunner"},"os":{"testmanagerdVersion":65535,"name":"iOS","sdkVersion":"17.0","version":"17.2"},"device":"iphone","ios":{"simulatorVersion":"17.2","ip":"192.168.101.10"},"message":"WebDriverAgent is ready to accept commands","state":"success","ready":true},"sessionId":null}
[38;5;32m[XCUITestDriver@1fb2 (c341501b)][0m Event 'wdaSessionAttempted' logged at 1705258970701 (23:02:50 GMT+0400 (GMT+04:00))
[38;5;32m[XCUITestDriver@1fb2 (c341501b)][0m Sending createSession command to WDA
[38;5;32m[XCUITestDriver@1fb2 (c341501b)][0m Matched '/session' to command name 'createSession'
[38;5;32m[XCUITestDriver@1fb2 (c341501b)][0m Proxying [POST /session] to [POST http://127.0.0.1:8100/session] with body: {"capabilities":{"firstMatch":[{"bundleId":"com.example.apple-samplecode.UICatalog","arguments":[],"environment":{},"eventloopIdleDelaySec":0,"shouldWaitForQuiescence":true,"shouldUseTestManagerForVisibilityDetection":false,"maxTypingFrequency":60,"shouldUseSingletonTestManager":true,"shouldTerminateApp":true,"forceAppLaunch":true,"useNativeCachingStrategy":true,"forceSimulatorSoftwareKeyboardPresence":true}],"alwaysMatch":{}}}
[38;5;32m[XCUITestDriver@1fb2 (c341501b)][0m Parsed BUILD_DIR configuration value: '/Users/atinapanyan/Library/Developer/Xcode/DerivedData/WebDriverAgent-berwztoqxctjuzcgbieotofkxooz/Build/Products'
[38;5;32m[XCUITestDriver@1fb2 (c341501b)][0m Got derived data root: '/Users/atinapanyan/Library/Developer/Xcode/DerivedData/WebDriverAgent-berwztoqxctjuzcgbieotofkxooz'
[38;5;32m[XCUITestDriver@1fb2 (c341501b)][0m Got response with status 200: {"value":{"sessionId":"B68DF9F9-6640-4F11-9726-4F0D3E876BF9","capabilities":{"sdkVersion":"17.2","device":"iphone"}},"sessionId":"B68DF9F9-6640-4F11-9726-4F0D3E876BF9"}
[38;5;32m[XCUITestDriver@1fb2 (c341501b)][0m Determined the downstream protocol as 'W3C'
[38;5;32m[XCUITestDriver@1fb2 (c341501b)][0m Event 'wdaSessionStarted' logged at 1705258974494 (23:02:54 GMT+0400 (GMT+04:00))
[38;5;32m[XCUITestDriver@1fb2 (c341501b)][0m Event 'wdaStarted' logged at 1705258974494 (23:02:54 GMT+0400 (GMT+04:00))
[38;5;80m[BaseDriver][0m The value of 'elementResponseAttributes' setting did not change. Skipping the update for it
[38;5;80m[BaseDriver][0m The value of 'shouldUseCompactResponses' setting did not change. Skipping the update for it
[38;5;16m[AppiumDriver@42a0][0m New XCUITestDriver session created successfully, session c341501b-ac69-4eb5-b5bf-2f2d245aae19 added to master session list
[38;5;16m[AppiumDriver@42a0][0m Event 'newSessionStarted' logged at 1705258974498 (23:02:54 GMT+0400 (GMT+04:00))
[38;5;32m[XCUITestDriver@1fb2 (c341501b)][0m Cached the protocol value 'W3C' for the new session c341501b-ac69-4eb5-b5bf-2f2d245aae19
[38;5;32m[XCUITestDriver@1fb2 (c341501b)][0m Responding to client with driver.createSession() result: {"capabilities":{"webStorageEnabled":false,"locationContextEnabled":false,"browserName":"","platform":"MAC","javascriptEnabled":true,"databaseEnabled":false,"takesScreenshot":true,"networkConnectionEnabled":false,"platformName":"iOS","deviceName":"iPhone 14clear pro Max","platformVersion":"17.2","automationName":"XCUITest","app":"/Users/atinapanyan/Library/Developer/Xcode/DerivedData/UIKitCatalog-dlerjkzlitnkjgflajoxjeiimycg/Build/Products/Debug-iphonesimulator/UIKitCatalog.app","udid":"83E2B6EB-8384-4EBC-B6ED-B89BA29B9153"," bundleId":"com.example.apple-samplecode.UICatalog"," noReset":true}}
[38;5;0m[HTTP][0m [37m<-- POST /session [39m[32m200[39m [90m6251 ms - 661[39m
[38;5;0m[HTTP][0m [90m[39m
[38;5;0m[HTTP][0m [37m-->[39m [37mPOST[39m [37m/session/c341501b-ac69-4eb5-b5bf-2f2d245aae19/element[39m
[38;5;0m[HTTP][0m [90m{"using":"xpath","value":"//XCUIElementTypeStaticText[@name=\"Alert Views\"]"}[39m
[38;5;32m[XCUITestDriver@1fb2 (c341501b)][0m Calling AppiumDriver.findElement() with args: ["xpath","//XCUIElementTypeStaticText[@name=\"Alert Views\"]","c341501b-ac69-4eb5-b5bf-2f2d245aae19"]
[38;5;32m[XCUITestDriver@1fb2 (c341501b)][0m Executing command 'findElement'
[38;5;32m[XCUITestDriver@1fb2 (c341501b)][0m Valid locator strategies for this request: xpath, id, name, class name, -ios predicate string, -ios class chain, accessibility id, css selector
[38;5;32m[XCUITestDriver@1fb2 (c341501b)][0m Waiting up to 0 ms for condition
[38;5;32m[XCUITestDriver@1fb2 (c341501b)][0m Matched '/element' to command name 'findElement'
[38;5;32m[XCUITestDriver@1fb2 (c341501b)][0m Proxying [POST /element] to [POST http://127.0.0.1:8100/session/B68DF9F9-6640-4F11-9726-4F0D3E876BF9/element] with body: {"using":"xpath","value":"//XCUIElementTypeStaticText[@name=\"Alert Views\"]"}
[38;5;32m[XCUITestDriver@1fb2 (c341501b)][0m Got response with status 200: {"value":{"ELEMENT":"2A000000-0000-0000-CEBD-000000000000","element-6066-11e4-a52e-4f735466cecf":"2A000000-0000-0000-CEBD-000000000000"},"sessionId":"B68DF9F9-6640-4F11-9726-4F0D3E876BF9"}
[38;5;32m[XCUITestDriver@1fb2 (c341501b)][0m Responding to client with driver.findElement() result: {"element-6066-11e4-a52e-4f735466cecf":"2A000000-0000-0000-CEBD-000000000000","ELEMENT":"2A000000-0000-0000-CEBD-000000000000"}
[38;5;0m[HTTP][0m [37m<-- POST /session/c341501b-ac69-4eb5-b5bf-2f2d245aae19/element [39m[32m200[39m [90m603 ms - 137[39m
[38;5;0m[HTTP][0m [90m[39m
[38;5;0m[HTTP][0m [37m-->[39m [37mGET[39m [37m/session/c341501b-ac69-4eb5-b5bf-2f2d245aae19/element/2A000000-0000-0000-CEBD-000000000000/displayed[39m
[38;5;0m[HTTP][0m [90m{}[39m
[38;5;32m[XCUITestDriver@1fb2 (c341501b)][0m Driver proxy active, passing request on via HTTP proxy
[38;5;32m[XCUITestDriver@1fb2 (c341501b)][0m Executing command 'proxyReqRes'
[38;5;32m[XCUITestDriver@1fb2 (c341501b)][0m Matched '/session/c341501b-ac69-4eb5-b5bf-2f2d245aae19/element/2A000000-0000-0000-CEBD-000000000000/displayed' to command name 'elementDisplayed'
[38;5;32m[XCUITestDriver@1fb2 (c341501b)][0m Proxying [GET /session/c341501b-ac69-4eb5-b5bf-2f2d245aae19/element/2A000000-0000-0000-CEBD-000000000000/displayed] to [GET http://127.0.0.1:8100/session/B68DF9F9-6640-4F11-9726-4F0D3E876BF9/element/2A000000-0000-0000-CEBD-000000000000/displayed] with no body
[38;5;32m[XCUITestDriver@1fb2 (c341501b)][0m Got response with status 200: {"value":true,"sessionId":"B68DF9F9-6640-4F11-9726-4F0D3E876BF9"}
[38;5;32m[XCUITestDriver@1fb2 (c341501b)][0m Replacing sessionId B68DF9F9-6640-4F11-9726-4F0D3E876BF9 with c341501b-ac69-4eb5-b5bf-2f2d245aae19
[38;5;0m[HTTP][0m [37m<-- GET /session/c341501b-ac69-4eb5-b5bf-2f2d245aae19/element/2A000000-0000-0000-CEBD-000000000000/displayed [39m[32m200[39m [90m154 ms - 65[39m
[38;5;0m[HTTP][0m [90m[39m
[38;5;0m[HTTP][0m [37m-->[39m [37mPOST[39m [37m/session/c341501b-ac69-4eb5-b5bf-2f2d245aae19/element[39m
[38;5;0m[HTTP][0m [90m{"using":"xpath","value":"//XCUIElementTypeStaticText[@name=\"Alert Views\"]"}[39m
[38;5;32m[XCUITestDriver@1fb2 (c341501b)][0m Calling AppiumDriver.findElement() with args: ["xpath","//XCUIElementTypeStaticText[@name=\"Alert Views\"]","c341501b-ac69-4eb5-b5bf-2f2d245aae19"]
[38;5;32m[XCUITestDriver@1fb2 (c341501b)][0m Executing command 'findElement'
[38;5;32m[XCUITestDriver@1fb2 (c341501b)][0m Valid locator strategies for this request: xpath, id, name, class name, -ios predicate string, -ios class chain, accessibility id, css selector
[38;5;32m[XCUITestDriver@1fb2 (c341501b)][0m Waiting up to 0 ms for condition
[38;5;32m[XCUITestDriver@1fb2 (c341501b)][0m Matched '/element' to command name 'findElement'
[38;5;32m[XCUITestDriver@1fb2 (c341501b)][0m Proxying [POST /element] to [POST http://127.0.0.1:8100/session/B68DF9F9-6640-4F11-9726-4F0D3E876BF9/element] with body: {"using":"xpath","value":"//XCUIElementTypeStaticText[@name=\"Alert Views\"]"}
[38;5;32m[XCUITestDriver@1fb2 (c341501b)][0m Got response with status 200: {"value":{"ELEMENT":"2A000000-0000-0000-CEBD-000000000000","element-6066-11e4-a52e-4f735466cecf":"2A000000-0000-0000-CEBD-000000000000"},"sessionId":"B68DF9F9-6640-4F11-9726-4F0D3E876BF9"}
[38;5;32m[XCUITestDriver@1fb2 (c341501b)][0m Responding to client with driver.findElement() result: {"element-6066-11e4-a52e-4f735466cecf":"2A000000-0000-0000-CEBD-000000000000","ELEMENT":"2A000000-0000-0000-CEBD-000000000000"}
[38;5;0m[HTTP][0m [37m<-- POST /session/c341501b-ac69-4eb5-b5bf-2f2d245aae19/element [39m[32m200[39m [90m458 ms - 137[39m
[38;5;0m[HTTP][0m [90m[39m
[38;5;0m[HTTP][0m [37m-->[39m [37mPOST[39m [37m/session/c341501b-ac69-4eb5-b5bf-2f2d245aae19/element/2A000000-0000-0000-CEBD-000000000000/click[39m
[38;5;0m[HTTP][0m [90m{}[39m
[38;5;32m[XCUITestDriver@1fb2 (c341501b)][0m Driver proxy active, passing request on via HTTP proxy
[38;5;32m[XCUITestDriver@1fb2 (c341501b)][0m Executing command 'proxyReqRes'
[38;5;32m[XCUITestDriver@1fb2 (c341501b)][0m Matched '/session/c341501b-ac69-4eb5-b5bf-2f2d245aae19/element/2A000000-0000-0000-CEBD-000000000000/click' to command name 'click'
[38;5;32m[XCUITestDriver@1fb2 (c341501b)][0m Proxying [POST /session/c341501b-ac69-4eb5-b5bf-2f2d245aae19/element/2A000000-0000-0000-CEBD-000000000000/click] to [POST http://127.0.0.1:8100/session/B68DF9F9-6640-4F11-9726-4F0D3E876BF9/element/2A000000-0000-0000-CEBD-000000000000/click] with body: {}
[38;5;32m[XCUITestDriver@1fb2 (c341501b)][0m Got response with status 200: {"value":null,"sessionId":"B68DF9F9-6640-4F11-9726-4F0D3E876BF9"}
[38;5;32m[XCUITestDriver@1fb2 (c341501b)][0m Replacing sessionId B68DF9F9-6640-4F11-9726-4F0D3E876BF9 with c341501b-ac69-4eb5-b5bf-2f2d245aae19
[38;5;0m[HTTP][0m [37m<-- POST /session/c341501b-ac69-4eb5-b5bf-2f2d245aae19/element/2A000000-0000-0000-CEBD-000000000000/click [39m[32m200[39m [90m769 ms - 65[39m
[38;5;0m[HTTP][0m [90m[39m
[38;5;0m[HTTP][0m [37m-->[39m [37mPOST[39m [37m/session/c341501b-ac69-4eb5-b5bf-2f2d245aae19/element[39m
[38;5;0m[HTTP][0m [90m{"using":"xpath","value":"//XCUIElementTypeStaticText[@name=\"Alert Views\"]"}[39m
[38;5;32m[XCUITestDriver@1fb2 (c341501b)][0m Calling AppiumDriver.findElement() with args: ["xpath","//XCUIElementTypeStaticText[@name=\"Alert Views\"]","c341501b-ac69-4eb5-b5bf-2f2d245aae19"]
[38;5;32m[XCUITestDriver@1fb2 (c341501b)][0m Executing command 'findElement'
[38;5;32m[XCUITestDriver@1fb2 (c341501b)][0m Valid locator strategies for this request: xpath, id, name, class name, -ios predicate string, -ios class chain, accessibility id, css selector
[38;5;32m[XCUITestDriver@1fb2 (c341501b)][0m Waiting up to 0 ms for condition
[38;5;32m[XCUITestDriver@1fb2 (c341501b)][0m Matched '/element' to command name 'findElement'
[38;5;32m[XCUITestDriver@1fb2 (c341501b)][0m Proxying [POST /element] to [POST http://127.0.0.1:8100/session/B68DF9F9-6640-4F11-9726-4F0D3E876BF9/element] with body: {"using":"xpath","value":"//XCUIElementTypeStaticText[@name=\"Alert Views\"]"}
[38;5;32m[XCUITestDriver@1fb2 (c341501b)][0m Got response with status 200: {"value":{"ELEMENT":"A2000000-0000-0000-CEBD-000000000000","element-6066-11e4-a52e-4f735466cecf":"A2000000-0000-0000-CEBD-000000000000"},"sessionId":"B68DF9F9-6640-4F11-9726-4F0D3E876BF9"}
[38;5;32m[XCUITestDriver@1fb2 (c341501b)][0m Responding to client with driver.findElement() result: {"element-6066-11e4-a52e-4f735466cecf":"A2000000-0000-0000-CEBD-000000000000","ELEMENT":"A2000000-0000-0000-CEBD-000000000000"}
[38;5;0m[HTTP][0m [37m<-- POST /session/c341501b-ac69-4eb5-b5bf-2f2d245aae19/element [39m[32m200[39m [90m216 ms - 137[39m
[38;5;0m[HTTP][0m [90m[39m
[38;5;0m[HTTP][0m [37m-->[39m [37mGET[39m [37m/session/c341501b-ac69-4eb5-b5bf-2f2d245aae19/element/A2000000-0000-0000-CEBD-000000000000/text[39m
[38;5;0m[HTTP][0m [90m{}[39m
[38;5;32m[XCUITestDriver@1fb2 (c341501b)][0m Driver proxy active, passing request on via HTTP proxy
[38;5;32m[XCUITestDriver@1fb2 (c341501b)][0m Executing command 'proxyReqRes'
[38;5;32m[XCUITestDriver@1fb2 (c341501b)][0m Matched '/session/c341501b-ac69-4eb5-b5bf-2f2d245aae19/element/A2000000-0000-0000-CEBD-000000000000/text' to command name 'getText'
[38;5;32m[XCUITestDriver@1fb2 (c341501b)][0m Proxying [GET /session/c341501b-ac69-4eb5-b5bf-2f2d245aae19/element/A2000000-0000-0000-CEBD-000000000000/text] to [GET http://127.0.0.1:8100/session/B68DF9F9-6640-4F11-9726-4F0D3E876BF9/element/A2000000-0000-0000-CEBD-000000000000/text] with no body
[38;5;32m[XCUITestDriver@1fb2 (c341501b)][0m Got response with status 200: {"value":"Alert Views","sessionId":"B68DF9F9-6640-4F11-9726-4F0D3E876BF9"}
[38;5;32m[XCUITestDriver@1fb2 (c341501b)][0m Replacing sessionId B68DF9F9-6640-4F11-9726-4F0D3E876BF9 with c341501b-ac69-4eb5-b5bf-2f2d245aae19
[38;5;0m[HTTP][0m [37m<-- GET /session/c341501b-ac69-4eb5-b5bf-2f2d245aae19/element/A2000000-0000-0000-CEBD-000000000000/text [39m[32m200[39m [90m20 ms - 74[39m
[38;5;0m[HTTP][0m [90m[39m
[38;5;0m[HTTP][0m [37m-->[39m [37mPOST[39m [37m/session/c341501b-ac69-4eb5-b5bf-2f2d245aae19/element[39m
[38;5;0m[HTTP][0m [90m{"using":"xpath","value":"//XCUIElementTypeStaticText[@name=\"Simple\"]"}[39m
[38;5;32m[XCUITestDriver@1fb2 (c341501b)][0m Calling AppiumDriver.findElement() with args: ["xpath","//XCUIElementTypeStaticText[@name=\"Simple\"]","c341501b-ac69-4eb5-b5bf-2f2d245aae19"]
[38;5;32m[XCUITestDriver@1fb2 (c341501b)][0m Executing command 'findElement'
[38;5;32m[XCUITestDriver@1fb2 (c341501b)][0m Valid locator strategies for this request: xpath, id, name, class name, -ios predicate string, -ios class chain, accessibility id, css selector
[38;5;32m[XCUITestDriver@1fb2 (c341501b)][0m Waiting up to 0 ms for condition
[38;5;32m[XCUITestDriver@1fb2 (c341501b)][0m Matched '/element' to command name 'findElement'
[38;5;32m[XCUITestDriver@1fb2 (c341501b)][0m Proxying [POST /element] to [POST http://127.0.0.1:8100/session/B68DF9F9-6640-4F11-9726-4F0D3E876BF9/element] with body: {"using":"xpath","value":"//XCUIElementTypeStaticText[@name=\"Simple\"]"}
[38;5;32m[XCUITestDriver@1fb2 (c341501b)][0m Got response with status 200: {"value":{"ELEMENT":"B0000000-0000-0000-CEBD-000000000000","element-6066-11e4-a52e-4f735466cecf":"B0000000-0000-0000-CEBD-000000000000"},"sessionId":"B68DF9F9-6640-4F11-9726-4F0D3E876BF9"}
[38;5;32m[XCUITestDriver@1fb2 (c341501b)][0m Responding to client with driver.findElement() result: {"element-6066-11e4-a52e-4f735466cecf":"B0000000-0000-0000-CEBD-000000000000","ELEMENT":"B0000000-0000-0000-CEBD-000000000000"}
[38;5;0m[HTTP][0m [37m<-- POST /session/c341501b-ac69-4eb5-b5bf-2f2d245aae19/element [39m[32m200[39m [90m184 ms - 137[39m
[38;5;0m[HTTP][0m [90m[39m
[38;5;0m[HTTP][0m [37m-->[39m [37mGET[39m [37m/session/c341501b-ac69-4eb5-b5bf-2f2d245aae19/element/B0000000-0000-0000-CEBD-000000000000/displayed[39m
[38;5;0m[HTTP][0m [90m{}[39m
[38;5;32m[XCUITestDriver@1fb2 (c341501b)][0m Driver proxy active, passing request on via HTTP proxy
[38;5;32m[XCUITestDriver@1fb2 (c341501b)][0m Executing command 'proxyReqRes'
[38;5;32m[XCUITestDriver@1fb2 (c341501b)][0m Matched '/session/c341501b-ac69-4eb5-b5bf-2f2d245aae19/element/B0000000-0000-0000-CEBD-000000000000/displayed' to command name 'elementDisplayed'
[38;5;32m[XCUITestDriver@1fb2 (c341501b)][0m Proxying [GET /session/c341501b-ac69-4eb5-b5bf-2f2d245aae19/element/B0000000-0000-0000-CEBD-000000000000/displayed] to [GET http://127.0.0.1:8100/session/B68DF9F9-6640-4F11-9726-4F0D3E876BF9/element/B0000000-0000-0000-CEBD-000000000000/displayed] with no body
[38;5;32m[XCUITestDriver@1fb2 (c341501b)][0m Got response with status 200: {"value":true,"sessionId":"B68DF9F9-6640-4F11-9726-4F0D3E876BF9"}
[38;5;32m[XCUITestDriver@1fb2 (c341501b)][0m Replacing sessionId B68DF9F9-6640-4F11-9726-4F0D3E876BF9 with c341501b-ac69-4eb5-b5bf-2f2d245aae19
[38;5;0m[HTTP][0m [37m<-- GET /session/c341501b-ac69-4eb5-b5bf-2f2d245aae19/element/B0000000-0000-0000-CEBD-000000000000/displayed [39m[32m200[39m [90m23 ms - 65[39m
[38;5;0m[HTTP][0m [90m[39m
[38;5;0m[HTTP][0m [37m-->[39m [37mPOST[39m [37m/session/c341501b-ac69-4eb5-b5bf-2f2d245aae19/element/B0000000-0000-0000-CEBD-000000000000/click[39m
[38;5;0m[HTTP][0m [90m{}[39m
[38;5;32m[XCUITestDriver@1fb2 (c341501b)][0m Driver proxy active, passing request on via HTTP proxy
[38;5;32m[XCUITestDriver@1fb2 (c341501b)][0m Executing command 'proxyReqRes'
[38;5;32m[XCUITestDriver@1fb2 (c341501b)][0m Matched '/session/c341501b-ac69-4eb5-b5bf-2f2d245aae19/element/B0000000-0000-0000-CEBD-000000000000/click' to command name 'click'
[38;5;32m[XCUITestDriver@1fb2 (c341501b)][0m Proxying [POST /session/c341501b-ac69-4eb5-b5bf-2f2d245aae19/element/B0000000-0000-0000-CEBD-000000000000/click] to [POST http://127.0.0.1:8100/session/B68DF9F9-6640-4F11-9726-4F0D3E876BF9/element/B0000000-0000-0000-CEBD-000000000000/click] with body: {}
[38;5;32m[XCUITestDriver@1fb2 (c341501b)][0m Got response with status 200: {"value":null,"sessionId":"B68DF9F9-6640-4F11-9726-4F0D3E876BF9"}
[38;5;32m[XCUITestDriver@1fb2 (c341501b)][0m Replacing sessionId B68DF9F9-6640-4F11-9726-4F0D3E876BF9 with c341501b-ac69-4eb5-b5bf-2f2d245aae19
[38;5;0m[HTTP][0m [37m<-- POST /session/c341501b-ac69-4eb5-b5bf-2f2d245aae19/element/B0000000-0000-0000-CEBD-000000000000/click [39m[32m200[39m [90m671 ms - 65[39m
[38;5;0m[HTTP][0m [90m[39m
[38;5;0m[HTTP][0m [37m-->[39m [37mPOST[39m [37m/session/c341501b-ac69-4eb5-b5bf-2f2d245aae19/element[39m
[38;5;0m[HTTP][0m [90m{"using":"xpath","value":"//XCUIElementTypeStaticText[@name=\"A Short Title Is Best\"]"}[39m
[38;5;32m[XCUITestDriver@1fb2 (c341501b)][0m Calling AppiumDriver.findElement() with args: ["xpath","//XCUIElementTypeStaticText[@name=\"A Short Title Is Best\"]","c341501b-ac69-4eb5-b5bf-2f2d245aae19"]
[38;5;32m[XCUITestDriver@1fb2 (c341501b)][0m Executing command 'findElement'
[38;5;32m[XCUITestDriver@1fb2 (c341501b)][0m Valid locator strategies for this request: xpath, id, name, class name, -ios predicate string, -ios class chain, accessibility id, css selector
[38;5;32m[XCUITestDriver@1fb2 (c341501b)][0m Waiting up to 0 ms for condition
[38;5;32m[XCUITestDriver@1fb2 (c341501b)][0m Matched '/element' to command name 'findElement'
[38;5;32m[XCUITestDriver@1fb2 (c341501b)][0m Proxying [POST /element] to [POST http://127.0.0.1:8100/session/B68DF9F9-6640-4F11-9726-4F0D3E876BF9/element] with body: {"using":"xpath","value":"//XCUIElementTypeStaticText[@name=\"A Short Title Is Best\"]"}
[38;5;32m[XCUITestDriver@1fb2 (c341501b)][0m Got response with status 200: {"value":{"ELEMENT":"EC000000-0000-0000-CEBD-000000000000","element-6066-11e4-a52e-4f735466cecf":"EC000000-0000-0000-CEBD-000000000000"},"sessionId":"B68DF9F9-6640-4F11-9726-4F0D3E876BF9"}
[38;5;32m[XCUITestDriver@1fb2 (c341501b)][0m Responding to client with driver.findElement() result: {"element-6066-11e4-a52e-4f735466cecf":"EC000000-0000-0000-CEBD-000000000000","ELEMENT":"EC000000-0000-0000-CEBD-000000000000"}
[38;5;0m[HTTP][0m [37m<-- POST /session/c341501b-ac69-4eb5-b5bf-2f2d245aae19/element [39m[32m200[39m [90m310 ms - 137[39m
[38;5;0m[HTTP][0m [90m[39m
[38;5;0m[HTTP][0m [37m-->[39m [37mGET[39m [37m/session/c341501b-ac69-4eb5-b5bf-2f2d245aae19/element/EC000000-0000-0000-CEBD-000000000000/displayed[39m
[38;5;0m[HTTP][0m [90m{}[39m
[38;5;32m[XCUITestDriver@1fb2 (c341501b)][0m Driver proxy active, passing request on via HTTP proxy
[38;5;32m[XCUITestDriver@1fb2 (c341501b)][0m Executing command 'proxyReqRes'
[38;5;32m[XCUITestDriver@1fb2 (c341501b)][0m Matched '/session/c341501b-ac69-4eb5-b5bf-2f2d245aae19/element/EC000000-0000-0000-CEBD-000000000000/displayed' to command name 'elementDisplayed'
[38;5;32m[XCUITestDriver@1fb2 (c341501b)][0m Proxying [GET /session/c341501b-ac69-4eb5-b5bf-2f2d245aae19/element/EC000000-0000-0000-CEBD-000000000000/displayed] to [GET http://127.0.0.1:8100/session/B68DF9F9-6640-4F11-9726-4F0D3E876BF9/element/EC000000-0000-0000-CEBD-000000000000/displayed] with no body
[38;5;32m[XCUITestDriver@1fb2 (c341501b)][0m Got response with status 200: {"value":true,"sessionId":"B68DF9F9-6640-4F11-9726-4F0D3E876BF9"}
[38;5;32m[XCUITestDriver@1fb2 (c341501b)][0m Replacing sessionId B68DF9F9-6640-4F11-9726-4F0D3E876BF9 with c341501b-ac69-4eb5-b5bf-2f2d245aae19
[38;5;0m[HTTP][0m [37m<-- GET /session/c341501b-ac69-4eb5-b5bf-2f2d245aae19/element/EC000000-0000-0000-CEBD-000000000000/displayed [39m[32m200[39m [90m35 ms - 65[39m
[38;5;0m[HTTP][0m [90m[39m
[38;5;0m[HTTP][0m [37m-->[39m [37mPOST[39m [37m/session/c341501b-ac69-4eb5-b5bf-2f2d245aae19/element[39m
[38;5;0m[HTTP][0m [90m{"using":"xpath","value":"//XCUIElementTypeButton[@name=\"OK\"]"}[39m
[38;5;32m[XCUITestDriver@1fb2 (c341501b)][0m Calling AppiumDriver.findElement() with args: ["xpath","//XCUIElementTypeButton[@name=\"OK\"]","c341501b-ac69-4eb5-b5bf-2f2d245aae19"]
[38;5;32m[XCUITestDriver@1fb2 (c341501b)][0m Executing command 'findElement'
[38;5;32m[XCUITestDriver@1fb2 (c341501b)][0m Valid locator strategies for this request: xpath, id, name, class name, -ios predicate string, -ios class chain, accessibility id, css selector
[38;5;32m[XCUITestDriver@1fb2 (c341501b)][0m Waiting up to 0 ms for condition
[38;5;32m[XCUITestDriver@1fb2 (c341501b)][0m Matched '/element' to command name 'findElement'
[38;5;32m[XCUITestDriver@1fb2 (c341501b)][0m Proxying [POST /element] to [POST http://127.0.0.1:8100/session/B68DF9F9-6640-4F11-9726-4F0D3E876BF9/element] with body: {"using":"xpath","value":"//XCUIElementTypeButton[@name=\"OK\"]"}
[38;5;32m[XCUITestDriver@1fb2 (c341501b)][0m Got response with status 200: {"value":{"ELEMENT":"F1000000-0000-0000-CEBD-000000000000","element-6066-11e4-a52e-4f735466cecf":"F1000000-0000-0000-CEBD-000000000000"},"sessionId":"B68DF9F9-6640-4F11-9726-4F0D3E876BF9"}
[38;5;32m[XCUITestDriver@1fb2 (c341501b)][0m Responding to client with driver.findElement() result: {"element-6066-11e4-a52e-4f735466cecf":"F1000000-0000-0000-CEBD-000000000000","ELEMENT":"F1000000-0000-0000-CEBD-000000000000"}
[38;5;0m[HTTP][0m [37m<-- POST /session/c341501b-ac69-4eb5-b5bf-2f2d245aae19/element [39m[32m200[39m [90m271 ms - 137[39m
[38;5;0m[HTTP][0m [90m[39m
[38;5;0m[HTTP][0m [37m-->[39m [37mGET[39m [37m/session/c341501b-ac69-4eb5-b5bf-2f2d245aae19/element/F1000000-0000-0000-CEBD-000000000000/displayed[39m
[38;5;0m[HTTP][0m [90m{}[39m
[38;5;32m[XCUITestDriver@1fb2 (c341501b)][0m Driver proxy active, passing request on via HTTP proxy
[38;5;32m[XCUITestDriver@1fb2 (c341501b)][0m Executing command 'proxyReqRes'
[38;5;32m[XCUITestDriver@1fb2 (c341501b)][0m Matched '/session/c341501b-ac69-4eb5-b5bf-2f2d245aae19/element/F1000000-0000-0000-CEBD-000000000000/displayed' to command name 'elementDisplayed'
[38;5;32m[XCUITestDriver@1fb2 (c341501b)][0m Proxying [GET /session/c341501b-ac69-4eb5-b5bf-2f2d245aae19/element/F1000000-0000-0000-CEBD-000000000000/displayed] to [GET http://127.0.0.1:8100/session/B68DF9F9-6640-4F11-9726-4F0D3E876BF9/element/F1000000-0000-0000-CEBD-000000000000/displayed] with no body
[38;5;32m[XCUITestDriver@1fb2 (c341501b)][0m Got response with status 200: {"value":true,"sessionId":"B68DF9F9-6640-4F11-9726-4F0D3E876BF9"}
[38;5;32m[XCUITestDriver@1fb2 (c341501b)][0m Replacing sessionId B68DF9F9-6640-4F11-9726-4F0D3E876BF9 with c341501b-ac69-4eb5-b5bf-2f2d245aae19
[38;5;0m[HTTP][0m [37m<-- GET /session/c341501b-ac69-4eb5-b5bf-2f2d245aae19/element/F1000000-0000-0000-CEBD-000000000000/displayed [39m[32m200[39m [90m24 ms - 65[39m
[38;5;0m[HTTP][0m [90m[39m
[38;5;0m[HTTP][0m [37m-->[39m [37mPOST[39m [37m/session/c341501b-ac69-4eb5-b5bf-2f2d245aae19/element/F1000000-0000-0000-CEBD-000000000000/click[39m
[38;5;0m[HTTP][0m [90m{}[39m
[38;5;32m[XCUITestDriver@1fb2 (c341501b)][0m Driver proxy active, passing request on via HTTP proxy
[38;5;32m[XCUITestDriver@1fb2 (c341501b)][0m Executing command 'proxyReqRes'
[38;5;32m[XCUITestDriver@1fb2 (c341501b)][0m Matched '/session/c341501b-ac69-4eb5-b5bf-2f2d245aae19/element/F1000000-0000-0000-CEBD-000000000000/click' to command name 'click'
[38;5;32m[XCUITestDriver@1fb2 (c341501b)][0m Proxying [POST /session/c341501b-ac69-4eb5-b5bf-2f2d245aae19/element/F1000000-0000-0000-CEBD-000000000000/click] to [POST http://127.0.0.1:8100/session/B68DF9F9-6640-4F11-9726-4F0D3E876BF9/element/F1000000-0000-0000-CEBD-000000000000/click] with body: {}
[38;5;32m[XCUITestDriver@1fb2 (c341501b)][0m Got response with status 200: {"value":null,"sessionId":"B68DF9F9-6640-4F11-9726-4F0D3E876BF9"}
[38;5;32m[XCUITestDriver@1fb2 (c341501b)][0m Replacing sessionId B68DF9F9-6640-4F11-9726-4F0D3E876BF9 with c341501b-ac69-4eb5-b5bf-2f2d245aae19
[38;5;0m[HTTP][0m [37m<-- POST /session/c341501b-ac69-4eb5-b5bf-2f2d245aae19/element/F1000000-0000-0000-CEBD-000000000000/click [39m[32m200[39m [90m562 ms - 65[39m
[38;5;0m[HTTP][0m [90m[39m
[38;5;0m[HTTP][0m [37m-->[39m [37mGET[39m [37m/session/c341501b-ac69-4eb5-b5bf-2f2d245aae19/element/EC000000-0000-0000-CEBD-000000000000/displayed[39m
[38;5;0m[HTTP][0m [90m{}[39m
[38;5;32m[XCUITestDriver@1fb2 (c341501b)][0m Driver proxy active, passing request on via HTTP proxy
[38;5;32m[XCUITestDriver@1fb2 (c341501b)][0m Executing command 'proxyReqRes'
[38;5;32m[XCUITestDriver@1fb2 (c341501b)][0m Matched '/session/c341501b-ac69-4eb5-b5bf-2f2d245aae19/element/EC000000-0000-0000-CEBD-000000000000/displayed' to command name 'elementDisplayed'
[38;5;32m[XCUITestDriver@1fb2 (c341501b)][0m Proxying [GET /session/c341501b-ac69-4eb5-b5bf-2f2d245aae19/element/EC000000-0000-0000-CEBD-000000000000/displayed] to [GET http://127.0.0.1:8100/session/B68DF9F9-6640-4F11-9726-4F0D3E876BF9/element/EC000000-0000-0000-CEBD-000000000000/displayed] with no body
[38;5;32m[XCUITestDriver@1fb2 (c341501b)][0m Got response with status 404: {"value":{"error":"stale element reference","message":"The previously found element \"StaticText (Element at index 0)\" is not present in the current view anymore. Make sure the application UI has the expected state. Original error: No matches found for Elements matching predicate 'fb_uid IN {\"EC000000-0000-0000-CEBD-000000000000\"}' from input {(\n    StaticText,\n    StaticText,\n    StaticText,\n    StaticText,\n    StaticText,\n    StaticText,\n    StaticText,\n    StaticText\n)}","traceback":"(\n\t0   CoreFoundation                      0x0000000180491128 __exceptionPreprocess + 172\n\t1   libobjc.A.dylib                     0x000000018008412c objc_exception_throw + 56\n\t2   WebDriverAgentLib                   0x0000000104fd5bb0 -[XCUIElement(FBUtilities) fb_takeSnapshot] + 756\n\t3   WebDriverAgentLib                   0x0000000104fd5df4 -[XCUIElement(FBUtilities) fb_snapshotWithAttributes:maxDepth:] + 152\n\t4   WebDriverAgentLib                   0x0000000105010d78 -[FBElementCache elementForUUID...
[38;5;160m[W3C][0m Matched W3C error code 'stale element reference' to StaleElementReferenceError
[38;5;0m[HTTP][0m [37m<-- GET /session/c341501b-ac69-4eb5-b5bf-2f2d245aae19/element/EC000000-0000-0000-CEBD-000000000000/displayed [39m[33m404[39m [90m80 ms - 1585[39m
[38;5;0m[HTTP][0m [90m[39m
[38;5;0m[HTTP][0m [37m-->[39m [37mPOST[39m [37m/session/c341501b-ac69-4eb5-b5bf-2f2d245aae19/element[39m
[38;5;0m[HTTP][0m [90m{"using":"xpath","value":"//XCUIElementTypeStaticText[@name=\"A Short Title Is Best\"]"}[39m
[38;5;32m[XCUITestDriver@1fb2 (c341501b)][0m Calling AppiumDriver.findElement() with args: ["xpath","//XCUIElementTypeStaticText[@name=\"A Short Title Is Best\"]","c341501b-ac69-4eb5-b5bf-2f2d245aae19"]
[38;5;32m[XCUITestDriver@1fb2 (c341501b)][0m Executing command 'findElement'
[38;5;32m[XCUITestDriver@1fb2 (c341501b)][0m Valid locator strategies for this request: xpath, id, name, class name, -ios predicate string, -ios class chain, accessibility id, css selector
[38;5;32m[XCUITestDriver@1fb2 (c341501b)][0m Waiting up to 0 ms for condition
[38;5;32m[XCUITestDriver@1fb2 (c341501b)][0m Matched '/element' to command name 'findElement'
[38;5;32m[XCUITestDriver@1fb2 (c341501b)][0m Proxying [POST /element] to [POST http://127.0.0.1:8100/session/B68DF9F9-6640-4F11-9726-4F0D3E876BF9/element] with body: {"using":"xpath","value":"//XCUIElementTypeStaticText[@name=\"A Short Title Is Best\"]"}
[38;5;32m[XCUITestDriver@1fb2 (c341501b)][0m Got response with status 404: {"value":{"error":"no such element","message":"unable to find an element using 'xpath', value '//XCUIElementTypeStaticText[@name=\"A Short Title Is Best\"]'","traceback":"(\n\t0   WebDriverAgentLib                   0x0000000104fe4bc4 FBNoSuchElementErrorResponseForRequest + 252\n\t1   WebDriverAgentLib                   0x0000000104fe49f4 +[FBFindElementCommands handleFindElement:] + 312\n\t2   WebDriverAgentLib                   0x0000000104fa90f4 -[FBRoute_TargetAction mountRequest:intoResponse:] + 168\n\t3   WebDriverAgentLib                   0x0000000104f94548 __37-[FBWebServer registerRouteHandlers:]_block_invoke + 404\n\t4   WebDriverAgentLib                   0x0000000104fcb034 -[RoutingHTTPServer handleRoute:withRequest:response:] + 168\n\t5   WebDriverAgentLib                   0x0000000104fcbb24 __72-[RoutingHTTPServer routeMethod:withPath:parameters:request:connection:]_block_invoke + 64\n\t6   libdispatch.dylib                   0x000000018016cd3c _dispatch_client_callout + 16\n\t7   libdispa...
[38;5;160m[W3C][0m Matched W3C error code 'no such element' to NoSuchElementError
[38;5;32m[XCUITestDriver@1fb2 (c341501b)][0m Encountered internal error running command: NoSuchElementError: An element could not be located on the page using the given search parameters.
[38;5;32m[XCUITestDriver@1fb2 (c341501b)][0m     at XCUITestDriver.doNativeFind (/Users/atinapanyan/Desktop/my-appium-project/node_modules/appium-xcuitest-driver/lib/commands/find.js:143:13)
[38;5;32m[XCUITestDriver@1fb2 (c341501b)][0m     at processTicksAndRejections (node:internal/process/task_queues:95:5)
[38;5;32m[XCUITestDriver@1fb2 (c341501b)][0m     at async XCUITestDriver.findNativeElementOrElements (/Users/atinapanyan/Desktop/my-appium-project/node_modules/appium-xcuitest-driver/lib/commands/find.js:97:12)
[38;5;32m[XCUITestDriver@1fb2 (c341501b)][0m     at async XCUITestDriver.findElOrEls (/Users/atinapanyan/Desktop/my-appium-project/node_modules/appium-xcuitest-driver/lib/commands/find.js:24:14)
[38;5;32m[XCUITestDriver@1fb2 (c341501b)][0m     at async XCUITestDriver.findElOrElsWithProcessing (/Users/atinapanyan/Desktop/my-appium-project/node_modules/@appium/base-driver/lib/basedriver/commands/find.ts:60:12)
[38;5;32m[XCUITestDriver@1fb2 (c341501b)][0m     at async XCUITestDriver.findElement (/Users/atinapanyan/Desktop/my-appium-project/node_modules/@appium/base-driver/lib/basedriver/commands/find.ts:75:12)
[38;5;0m[HTTP][0m [37m<-- POST /session/c341501b-ac69-4eb5-b5bf-2f2d245aae19/element [39m[33m404[39m [90m210 ms - 1114[39m
[38;5;0m[HTTP][0m [90m[39m
[38;5;0m[HTTP][0m [37m-->[39m [37mGET[39m [37m/session/c341501b-ac69-4eb5-b5bf-2f2d245aae19/element/EC000000-0000-0000-CEBD-000000000000/displayed[39m
[38;5;0m[HTTP][0m [90m{}[39m
[38;5;32m[XCUITestDriver@1fb2 (c341501b)][0m Driver proxy active, passing request on via HTTP proxy
[38;5;32m[XCUITestDriver@1fb2 (c341501b)][0m Executing command 'proxyReqRes'
[38;5;32m[XCUITestDriver@1fb2 (c341501b)][0m Matched '/session/c341501b-ac69-4eb5-b5bf-2f2d245aae19/element/EC000000-0000-0000-CEBD-000000000000/displayed' to command name 'elementDisplayed'
[38;5;32m[XCUITestDriver@1fb2 (c341501b)][0m Proxying [GET /session/c341501b-ac69-4eb5-b5bf-2f2d245aae19/element/EC000000-0000-0000-CEBD-000000000000/displayed] to [GET http://127.0.0.1:8100/session/B68DF9F9-6640-4F11-9726-4F0D3E876BF9/element/EC000000-0000-0000-CEBD-000000000000/displayed] with no body
[38;5;32m[XCUITestDriver@1fb2 (c341501b)][0m Got response with status 404: {"value":{"error":"stale element reference","message":"The previously found element \"StaticText (Element at index 0)\" is not present in the current view anymore. Make sure the application UI has the expected state. Original error: No matches found for Elements matching predicate 'fb_uid IN {\"EC000000-0000-0000-CEBD-000000000000\"}' from input {(\n    StaticText,\n    StaticText,\n    StaticText,\n    StaticText,\n    StaticText,\n    StaticText,\n    StaticText,\n    StaticText\n)}","traceback":"(\n\t0   CoreFoundation                      0x0000000180491128 __exceptionPreprocess + 172\n\t1   libobjc.A.dylib                     0x000000018008412c objc_exception_throw + 56\n\t2   WebDriverAgentLib                   0x0000000104fd5bb0 -[XCUIElement(FBUtilities) fb_takeSnapshot] + 756\n\t3   WebDriverAgentLib                   0x0000000104fd5df4 -[XCUIElement(FBUtilities) fb_snapshotWithAttributes:maxDepth:] + 152\n\t4   WebDriverAgentLib                   0x0000000105010d78 -[FBElementCache elementForUUID...
[38;5;160m[W3C][0m Matched W3C error code 'stale element reference' to StaleElementReferenceError
[38;5;0m[HTTP][0m [37m<-- GET /session/c341501b-ac69-4eb5-b5bf-2f2d245aae19/element/EC000000-0000-0000-CEBD-000000000000/displayed [39m[33m404[39m [90m20 ms - 1585[39m
[38;5;0m[HTTP][0m [90m[39m
[38;5;0m[HTTP][0m [37m-->[39m [37mPOST[39m [37m/session/c341501b-ac69-4eb5-b5bf-2f2d245aae19/element[39m
[38;5;0m[HTTP][0m [90m{"using":"xpath","value":"//XCUIElementTypeStaticText[@name=\"A Short Title Is Best\"]"}[39m
[38;5;32m[XCUITestDriver@1fb2 (c341501b)][0m Calling AppiumDriver.findElement() with args: ["xpath","//XCUIElementTypeStaticText[@name=\"A Short Title Is Best\"]","c341501b-ac69-4eb5-b5bf-2f2d245aae19"]
[38;5;32m[XCUITestDriver@1fb2 (c341501b)][0m Executing command 'findElement'
[38;5;32m[XCUITestDriver@1fb2 (c341501b)][0m Valid locator strategies for this request: xpath, id, name, class name, -ios predicate string, -ios class chain, accessibility id, css selector
[38;5;32m[XCUITestDriver@1fb2 (c341501b)][0m Waiting up to 0 ms for condition
[38;5;32m[XCUITestDriver@1fb2 (c341501b)][0m Matched '/element' to command name 'findElement'
[38;5;32m[XCUITestDriver@1fb2 (c341501b)][0m Proxying [POST /element] to [POST http://127.0.0.1:8100/session/B68DF9F9-6640-4F11-9726-4F0D3E876BF9/element] with body: {"using":"xpath","value":"//XCUIElementTypeStaticText[@name=\"A Short Title Is Best\"]"}
[38;5;32m[XCUITestDriver@1fb2 (c341501b)][0m Got response with status 404: {"value":{"error":"no such element","message":"unable to find an element using 'xpath', value '//XCUIElementTypeStaticText[@name=\"A Short Title Is Best\"]'","traceback":"(\n\t0   WebDriverAgentLib                   0x0000000104fe4bc4 FBNoSuchElementErrorResponseForRequest + 252\n\t1   WebDriverAgentLib                   0x0000000104fe49f4 +[FBFindElementCommands handleFindElement:] + 312\n\t2   WebDriverAgentLib                   0x0000000104fa90f4 -[FBRoute_TargetAction mountRequest:intoResponse:] + 168\n\t3   WebDriverAgentLib                   0x0000000104f94548 __37-[FBWebServer registerRouteHandlers:]_block_invoke + 404\n\t4   WebDriverAgentLib                   0x0000000104fcb034 -[RoutingHTTPServer handleRoute:withRequest:response:] + 168\n\t5   WebDriverAgentLib                   0x0000000104fcbb24 __72-[RoutingHTTPServer routeMethod:withPath:parameters:request:connection:]_block_invoke + 64\n\t6   libdispatch.dylib                   0x000000018016cd3c _dispatch_client_callout + 16\n\t7   libdispa...
[38;5;160m[W3C][0m Matched W3C error code 'no such element' to NoSuchElementError
[38;5;32m[XCUITestDriver@1fb2 (c341501b)][0m Encountered internal error running command: NoSuchElementError: An element could not be located on the page using the given search parameters.
[38;5;32m[XCUITestDriver@1fb2 (c341501b)][0m     at XCUITestDriver.doNativeFind (/Users/atinapanyan/Desktop/my-appium-project/node_modules/appium-xcuitest-driver/lib/commands/find.js:143:13)
[38;5;32m[XCUITestDriver@1fb2 (c341501b)][0m     at processTicksAndRejections (node:internal/process/task_queues:95:5)
[38;5;32m[XCUITestDriver@1fb2 (c341501b)][0m     at async XCUITestDriver.findNativeElementOrElements (/Users/atinapanyan/Desktop/my-appium-project/node_modules/appium-xcuitest-driver/lib/commands/find.js:97:12)
[38;5;32m[XCUITestDriver@1fb2 (c341501b)][0m     at async XCUITestDriver.findElOrEls (/Users/atinapanyan/Desktop/my-appium-project/node_modules/appium-xcuitest-driver/lib/commands/find.js:24:14)
[38;5;32m[XCUITestDriver@1fb2 (c341501b)][0m     at async XCUITestDriver.findElOrElsWithProcessing (/Users/atinapanyan/Desktop/my-appium-project/node_modules/@appium/base-driver/lib/basedriver/commands/find.ts:60:12)
[38;5;32m[XCUITestDriver@1fb2 (c341501b)][0m     at async XCUITestDriver.findElement (/Users/atinapanyan/Desktop/my-appium-project/node_modules/@appium/base-driver/lib/basedriver/commands/find.ts:75:12)
[38;5;0m[HTTP][0m [37m<-- POST /session/c341501b-ac69-4eb5-b5bf-2f2d245aae19/element [39m[33m404[39m [90m162 ms - 1114[39m
[38;5;0m[HTTP][0m [90m[39m
[38;5;0m[HTTP][0m [37m-->[39m [37mDELETE[39m [37m/session/c341501b-ac69-4eb5-b5bf-2f2d245aae19[39m
[38;5;0m[HTTP][0m [90m{}[39m
[38;5;32m[XCUITestDriver@1fb2 (c341501b)][0m Calling AppiumDriver.deleteSession() with args: ["c341501b-ac69-4eb5-b5bf-2f2d245aae19"]
[38;5;16m[AppiumDriver@42a0][0m Event 'quitSessionRequested' logged at 1705258981435 (23:03:01 GMT+0400 (GMT+04:00))
[38;5;16m[AppiumDriver@42a0][0m Removing session c341501b-ac69-4eb5-b5bf-2f2d245aae19 from our master session list
[38;5;32m[XCUITestDriver@1fb2 (c341501b)][0m Matched '/session/c341501b-ac69-4eb5-b5bf-2f2d245aae19' to command name 'deleteSession'
[38;5;32m[XCUITestDriver@1fb2 (c341501b)][0m Proxying [DELETE /session/c341501b-ac69-4eb5-b5bf-2f2d245aae19] to [DELETE http://127.0.0.1:8100/session/B68DF9F9-6640-4F11-9726-4F0D3E876BF9] with no body
[38;5;32m[XCUITestDriver@1fb2 (c341501b)][0m Got response with status 200: {"value":null,"sessionId":null}
[38;5;128m[DevCon Factory][0m Releasing connections for 83E2B6EB-8384-4EBC-B6ED-B89BA29B9153 device on any port number
[38;5;128m[DevCon Factory][0m Found cached connections to release: ["83E2B6EB-8384-4EBC-B6ED-B89BA29B9153:8100"]
[38;5;128m[DevCon Factory][0m Cached connections count: 0
[38;5;32m[XCUITestDriver@1fb2 (c341501b)][0m Not clearing log files. Use `clearSystemFiles` capability to turn on.
[38;5;112m[IOSSimulatorLog][0m Stopping iOS log capture
[38;5;16m[AppiumDriver@42a0][0m Event 'quitSessionFinished' logged at 1705258982535 (23:03:02 GMT+0400 (GMT+04:00))
[38;5;16m[AppiumDriver@42a0][0m Received response: null
[38;5;16m[AppiumDriver@42a0][0m But deleting session, so not returning
[38;5;16m[AppiumDriver@42a0][0m Responding to client with driver.deleteSession() result: null
[38;5;0m[HTTP][0m [37m<-- DELETE /session/c341501b-ac69-4eb5-b5bf-2f2d245aae19 [39m[32m200[39m [90m1101 ms - 14[39m
[38;5;0m[HTTP][0m [90m[39m
[35m[Appium][39m Received SIGTERM - shutting down
[38;5;16m[AppiumDriver@42a0][0m There are no active sessions for cleanup
[38;5;0m[HTTP][0m Waiting until the server is closed
[38;5;0m[HTTP][0m Received server close event
Waiting for the debugger to disconnect...
